<?xml version="1.0" encoding="UTF-8"?>
<!-- Generated by org.testng.reporters.JUnitReportReporter -->
<testsuite skipped="0" hostname="LAPTOP-NNJSQ4C9" name="com.company.statuspage.StatusPageTest" tests="1" failures="0" timestamp="19 Nov 2020 21:21:54 GMT" time="14.453" errors="0">
  <testcase name="test" time="14.453" classname="com.company.statuspage.StatusPageTest"/>
</testsuite> <!-- com.company.statuspage.StatusPageTest -->
